<?xml version="1.0" encoding="UTF-8"?>
<robot generator="Robot 7.3.2 (Python 3.13.7 on darwin)" generated="2025-08-29T15:09:24.035433" rpa="false" schemaversion="5">
<suite id="s1" name="Assignment" source="/Users/mindmc/Desktop/Assignment-1/Testcase/assignment.robot">
<test id="s1-t1" name="Toggle Checkbox" line="72">
<kw name="Open Web Browser" owner="assignment">
<kw name="New Browser" owner="Browser">
<msg time="2025-08-29T15:09:24.194360" level="INFO">{"browser": "chromium", "headless": false, "chromiumSandbox": false, "devtools": false, "handleSIGHUP": true, "handleSIGINT": true, "handleSIGTERM": true, "slowMo": 0.0, "timeout": 30000.0, "tracesDir": "/Users/mindmc/Desktop/Assignment-1/Testcase/browser/traces/temp/b3e08c56-8b8d-45c1-bbf7-898974049e72"}</msg>
<msg time="2025-08-29T15:09:24.286007" level="INFO">Starting Browser process /Library/Frameworks/Python.framework/Versions/3.13/lib/python3.13/site-packages/Browser/wrapper/index.js using at 127.0.0.1:52701</msg>
<msg time="2025-08-29T15:09:27.070490" level="INFO">Successfully created browser with options: {"browser":"chromium","headless":false,"chromiumSandbox":false,"devtools":false,"handleSIGHUP":true,"handleSIGINT":true,"handleSIGTERM":true,"slowMo":0,"timeout":30000,"tracesDir":"/Users/mindmc/Desktop/Assignment-1/Testcase/browser/traces/temp/b3e08c56-8b8d-45c1-bbf7-898974049e72"}</msg>
<arg>chromium</arg>
<arg>headless=False</arg>
<tag>BrowserControl</tag>
<tag>Setter</tag>
<doc>Create a new playwright Browser with specified options.</doc>
<status status="PASS" start="2025-08-29T15:09:24.193836" elapsed="2.877122"/>
</kw>
<kw name="New Context" owner="Browser">
<msg time="2025-08-29T15:09:27.080430" level="INFO">{
  "acceptDownloads": true,
  "bypassCSP": false,
  "forcedColors": "none",
  "ignoreHTTPSErrors": true,
  "javaScriptEnabled": true,
  "offline": false,
  "reducedMotion": "no-preference",
  "serviceWorkers": "allow",
  "viewport": {
    "width": 1200,
    "height": 768
  }
}</msg>
<msg time="2025-08-29T15:09:27.098692" level="INFO">Successfully created context. </msg>
<msg time="2025-08-29T15:09:27.098771" level="INFO">{'acceptDownloads': True, 'bypassCSP': False, 'forcedColors': 'none', 'ignoreHTTPSErrors': True, 'javaScriptEnabled': True, 'offline': False, 'reducedMotion': 'no-preference', 'serviceWorkers': 'allow', 'viewport': {'width': 1200, 'height': 768}}</msg>
<arg>viewport={"width": ${testsite_width} , "height": ${testsite_height}}</arg>
<arg>ignoreHTTPSErrors=True</arg>
<tag>BrowserControl</tag>
<tag>Setter</tag>
<doc>Create a new BrowserContext with specified options.</doc>
<status status="PASS" start="2025-08-29T15:09:27.071813" elapsed="0.027034"/>
</kw>
<kw name="New Page" owner="Browser">
<msg time="2025-08-29T15:09:35.459684" level="INFO">Successfully initialized new page object and opened url: https://demoqa.com/checkbox</msg>
<arg>${page_url}</arg>
<tag>BrowserControl</tag>
<tag>Setter</tag>
<doc>Open a new Page.</doc>
<status status="PASS" start="2025-08-29T15:09:27.099038" elapsed="8.362201"/>
</kw>
<arg>https://demoqa.com/checkbox</arg>
<status status="PASS" start="2025-08-29T15:09:24.193237" elapsed="11.269011"/>
</kw>
<kw name="Click" owner="Browser">
<msg time="2025-08-29T15:09:35.465628" level="INFO">Clicks the element '//button[@class="rct-option rct-option-expand-all"]'.</msg>
<arg>//button[@class="rct-option rct-option-expand-all"]</arg>
<tag>PageContent</tag>
<tag>Setter</tag>
<doc>Simulates mouse click on the element found by ``selector``.</doc>
<status status="PASS" start="2025-08-29T15:09:35.463571" elapsed="0.080576"/>
</kw>
<kw name="Checkbox by name" owner="assignment">
<kw name="Click" owner="Browser">
<msg time="2025-08-29T15:09:35.545862" level="INFO">Clicks the element '//span[contains(text(),'Home')]'.</msg>
<arg>//span[contains(text(),'${textname}')]</arg>
<tag>PageContent</tag>
<tag>Setter</tag>
<doc>Simulates mouse click on the element found by ``selector``.</doc>
<status status="PASS" start="2025-08-29T15:09:35.545073" elapsed="0.031810"/>
</kw>
<arg>Home</arg>
<status status="PASS" start="2025-08-29T15:09:35.544555" elapsed="0.032450"/>
</kw>
<kw name="Take Screenshot" owner="Browser">
<msg time="2025-08-29T15:09:35.735809" level="INFO" html="true">&lt;/td&gt;&lt;/tr&gt;&lt;tr&gt;&lt;td colspan="3"&gt;&lt;a href="browser/screenshot/robotframework-browser-screenshot-1.png" target="_blank"&gt;&lt;img src="browser/screenshot/robotframework-browser-screenshot-1.png" width="800px"/&gt;&lt;/a&gt;</msg>
<tag>PageContent</tag>
<doc>Takes a screenshot of the current window or element and saves it to disk.</doc>
<status status="PASS" start="2025-08-29T15:09:35.577195" elapsed="0.158750"/>
</kw>
<kw name="Checkbox by name" owner="assignment">
<kw name="Click" owner="Browser">
<msg time="2025-08-29T15:09:35.736862" level="INFO">Clicks the element '//span[contains(text(),'Documents')]'.</msg>
<arg>//span[contains(text(),'${textname}')]</arg>
<tag>PageContent</tag>
<tag>Setter</tag>
<doc>Simulates mouse click on the element found by ``selector``.</doc>
<status status="PASS" start="2025-08-29T15:09:35.736487" elapsed="0.033593"/>
</kw>
<arg>Documents</arg>
<status status="PASS" start="2025-08-29T15:09:35.736176" elapsed="0.034019"/>
</kw>
<kw name="Take Screenshot" owner="Browser">
<msg time="2025-08-29T15:09:35.892168" level="INFO" html="true">&lt;/td&gt;&lt;/tr&gt;&lt;tr&gt;&lt;td colspan="3"&gt;&lt;a href="browser/screenshot/robotframework-browser-screenshot-2.png" target="_blank"&gt;&lt;img src="browser/screenshot/robotframework-browser-screenshot-2.png" width="800px"/&gt;&lt;/a&gt;</msg>
<tag>PageContent</tag>
<doc>Takes a screenshot of the current window or element and saves it to disk.</doc>
<status status="PASS" start="2025-08-29T15:09:35.770380" elapsed="0.121922"/>
</kw>
<kw name="Checkbox by name" owner="assignment">
<kw name="Click" owner="Browser">
<msg time="2025-08-29T15:09:35.893292" level="INFO">Clicks the element '//span[contains(text(),'Commands')]'.</msg>
<arg>//span[contains(text(),'${textname}')]</arg>
<tag>PageContent</tag>
<tag>Setter</tag>
<doc>Simulates mouse click on the element found by ``selector``.</doc>
<status status="PASS" start="2025-08-29T15:09:35.892892" elapsed="0.060681"/>
</kw>
<arg>Commands</arg>
<status status="PASS" start="2025-08-29T15:09:35.892580" elapsed="0.061121"/>
</kw>
<kw name="Take Screenshot" owner="Browser">
<msg time="2025-08-29T15:09:36.079509" level="INFO" html="true">&lt;/td&gt;&lt;/tr&gt;&lt;tr&gt;&lt;td colspan="3"&gt;&lt;a href="browser/screenshot/robotframework-browser-screenshot-3.png" target="_blank"&gt;&lt;img src="browser/screenshot/robotframework-browser-screenshot-3.png" width="800px"/&gt;&lt;/a&gt;</msg>
<tag>PageContent</tag>
<doc>Takes a screenshot of the current window or element and saves it to disk.</doc>
<status status="PASS" start="2025-08-29T15:09:35.954174" elapsed="0.125464"/>
</kw>
<msg time="2025-08-29T15:09:36.099687" level="INFO">Switching context to context=580a0def-62cc-4dde-9c1a-257540a73bec in CURRENT</msg>
<msg time="2025-08-29T15:09:36.122159" level="INFO">Successfully changed active context: context=580a0def-62cc-4dde-9c1a-257540a73bec</msg>
<msg time="2025-08-29T15:09:36.262419" level="INFO">Successfully closed Context</msg>
<tag>TestCase2</tag>
<status status="PASS" start="2025-08-29T15:09:24.192705" elapsed="11.887137"/>
</test>
<status status="PASS" start="2025-08-29T15:09:24.036865" elapsed="12.226517"/>
</suite>
<statistics>
<total>
<stat pass="1" fail="0" skip="0">All Tests</stat>
</total>
<tag>
<stat pass="1" fail="0" skip="0">TestCase2</stat>
</tag>
<suite>
<stat name="Assignment" id="s1" pass="1" fail="0" skip="0">Assignment</stat>
</suite>
</statistics>
<errors>
</errors>
</robot>
