<?xml version="1.0" encoding="UTF-8"?>
<robot generator="Robot 7.3.2 (Python 3.13.7 on darwin)" generated="2025-08-29T15:28:11.469766" rpa="false" schemaversion="5">
<suite id="s1" name="Assignment" source="/Users/mindmc/Desktop/Assignment-1/Testcase/assignment.robot">
<test id="s1-t1" name="Toggle Checkbox" line="72">
<kw name="Open Web Browser" owner="assignment">
<kw name="New Browser" owner="Browser">
<msg time="2025-08-29T15:28:11.601613" level="INFO">{"browser": "chromium", "headless": false, "chromiumSandbox": false, "devtools": false, "handleSIGHUP": true, "handleSIGINT": true, "handleSIGTERM": true, "slowMo": 0.0, "timeout": 30000.0, "tracesDir": "/Users/mindmc/Desktop/Assignment-1/Testcase/browser/traces/temp/346f6e3b-b898-4bad-b668-6702049a1b37"}</msg>
<msg time="2025-08-29T15:28:11.625601" level="INFO">Starting Browser process /Library/Frameworks/Python.framework/Versions/3.13/lib/python3.13/site-packages/Browser/wrapper/index.js using at 127.0.0.1:57747</msg>
<msg time="2025-08-29T15:28:13.653400" level="INFO">Successfully created browser with options: {"browser":"chromium","headless":false,"chromiumSandbox":false,"devtools":false,"handleSIGHUP":true,"handleSIGINT":true,"handleSIGTERM":true,"slowMo":0,"timeout":30000,"tracesDir":"/Users/mindmc/Desktop/Assignment-1/Testcase/browser/traces/temp/346f6e3b-b898-4bad-b668-6702049a1b37"}</msg>
<arg>chromium</arg>
<arg>headless=False</arg>
<tag>BrowserControl</tag>
<tag>Setter</tag>
<doc>Create a new playwright Browser with specified options.</doc>
<status status="PASS" start="2025-08-29T15:28:11.601087" elapsed="2.052732"/>
</kw>
<kw name="New Context" owner="Browser">
<msg time="2025-08-29T15:28:13.658429" level="INFO">{
  "acceptDownloads": true,
  "bypassCSP": false,
  "forcedColors": "none",
  "ignoreHTTPSErrors": true,
  "javaScriptEnabled": true,
  "offline": false,
  "reducedMotion": "no-preference",
  "serviceWorkers": "allow",
  "viewport": {
    "width": 1200,
    "height": 768
  }
}</msg>
<msg time="2025-08-29T15:28:13.671813" level="INFO">Successfully created context. </msg>
<msg time="2025-08-29T15:28:13.671896" level="INFO">{'acceptDownloads': True, 'bypassCSP': False, 'forcedColors': 'none', 'ignoreHTTPSErrors': True, 'javaScriptEnabled': True, 'offline': False, 'reducedMotion': 'no-preference', 'serviceWorkers': 'allow', 'viewport': {'width': 1200, 'height': 768}}</msg>
<arg>viewport={"width": ${testsite_width} , "height": ${testsite_height}}</arg>
<arg>ignoreHTTPSErrors=True</arg>
<tag>BrowserControl</tag>
<tag>Setter</tag>
<doc>Create a new BrowserContext with specified options.</doc>
<status status="PASS" start="2025-08-29T15:28:13.655097" elapsed="0.016879"/>
</kw>
<kw name="New Page" owner="Browser">
<msg time="2025-08-29T15:28:23.911250" level="INFO">Successfully initialized new page object and opened url: https://demoqa.com/checkbox</msg>
<arg>${page_url}</arg>
<tag>BrowserControl</tag>
<tag>Setter</tag>
<doc>Open a new Page.</doc>
<status status="PASS" start="2025-08-29T15:28:13.672162" elapsed="10.240339"/>
</kw>
<arg>${testcheckbox_url}</arg>
<status status="PASS" start="2025-08-29T15:28:11.600469" elapsed="12.312885"/>
</kw>
<kw name="Click" owner="Browser">
<msg time="2025-08-29T15:28:23.922842" level="INFO">Clicks the element '//button[@class="rct-option rct-option-expand-all"]'.</msg>
<arg>//button[@class="rct-option rct-option-expand-all"]</arg>
<tag>PageContent</tag>
<tag>Setter</tag>
<doc>Simulates mouse click on the element found by ``selector``.</doc>
<status status="PASS" start="2025-08-29T15:28:23.916160" elapsed="0.084635"/>
</kw>
<kw name="Checkbox by name" owner="assignment">
<kw name="Click" owner="Browser">
<msg time="2025-08-29T15:28:24.002208" level="INFO">Clicks the element '//span[contains(text(),'Home')]'.</msg>
<arg>//span[contains(text(),'${textname}')]</arg>
<tag>PageContent</tag>
<tag>Setter</tag>
<doc>Simulates mouse click on the element found by ``selector``.</doc>
<status status="PASS" start="2025-08-29T15:28:24.001757" elapsed="0.041878"/>
</kw>
<arg>Home</arg>
<status status="PASS" start="2025-08-29T15:28:24.001250" elapsed="0.042510"/>
</kw>
<kw name="Take Screenshot" owner="Browser">
<msg time="2025-08-29T15:28:24.205847" level="INFO" html="true">&lt;/td&gt;&lt;/tr&gt;&lt;tr&gt;&lt;td colspan="3"&gt;&lt;a href="browser/screenshot/robotframework-browser-screenshot-1.png" target="_blank"&gt;&lt;img src="browser/screenshot/robotframework-browser-screenshot-1.png" width="800px"/&gt;&lt;/a&gt;</msg>
<tag>PageContent</tag>
<doc>Takes a screenshot of the current window or element and saves it to disk.</doc>
<status status="PASS" start="2025-08-29T15:28:24.044177" elapsed="0.161795"/>
</kw>
<kw name="Checkbox by name" owner="assignment">
<kw name="Click" owner="Browser">
<msg time="2025-08-29T15:28:24.206812" level="INFO">Clicks the element '//span[contains(text(),'Documents')]'.</msg>
<arg>//span[contains(text(),'${textname}')]</arg>
<tag>PageContent</tag>
<tag>Setter</tag>
<doc>Simulates mouse click on the element found by ``selector``.</doc>
<status status="PASS" start="2025-08-29T15:28:24.206452" elapsed="0.031228"/>
</kw>
<arg>Documents</arg>
<status status="PASS" start="2025-08-29T15:28:24.206189" elapsed="0.031603"/>
</kw>
<kw name="Take Screenshot" owner="Browser">
<msg time="2025-08-29T15:28:24.514806" level="INFO" html="true">&lt;/td&gt;&lt;/tr&gt;&lt;tr&gt;&lt;td colspan="3"&gt;&lt;a href="browser/screenshot/robotframework-browser-screenshot-2.png" target="_blank"&gt;&lt;img src="browser/screenshot/robotframework-browser-screenshot-2.png" width="800px"/&gt;&lt;/a&gt;</msg>
<tag>PageContent</tag>
<doc>Takes a screenshot of the current window or element and saves it to disk.</doc>
<status status="PASS" start="2025-08-29T15:28:24.237966" elapsed="0.276960"/>
</kw>
<kw name="Checkbox by name" owner="assignment">
<kw name="Click" owner="Browser">
<msg time="2025-08-29T15:28:24.516065" level="INFO">Clicks the element '//span[contains(text(),'Commands')]'.</msg>
<arg>//span[contains(text(),'${textname}')]</arg>
<tag>PageContent</tag>
<tag>Setter</tag>
<doc>Simulates mouse click on the element found by ``selector``.</doc>
<status status="PASS" start="2025-08-29T15:28:24.515659" elapsed="0.039878"/>
</kw>
<arg>Commands</arg>
<status status="PASS" start="2025-08-29T15:28:24.515289" elapsed="0.040370"/>
</kw>
<kw name="Take Screenshot" owner="Browser">
<msg time="2025-08-29T15:28:24.672909" level="INFO" html="true">&lt;/td&gt;&lt;/tr&gt;&lt;tr&gt;&lt;td colspan="3"&gt;&lt;a href="browser/screenshot/robotframework-browser-screenshot-3.png" target="_blank"&gt;&lt;img src="browser/screenshot/robotframework-browser-screenshot-3.png" width="800px"/&gt;&lt;/a&gt;</msg>
<tag>PageContent</tag>
<doc>Takes a screenshot of the current window or element and saves it to disk.</doc>
<status status="PASS" start="2025-08-29T15:28:24.555843" elapsed="0.117184"/>
</kw>
<msg time="2025-08-29T15:28:24.682801" level="INFO">Switching context to context=4d0a1e87-1cd5-47d9-90f5-b153018c6e8f in CURRENT</msg>
<msg time="2025-08-29T15:28:24.692790" level="INFO">Successfully changed active context: context=4d0a1e87-1cd5-47d9-90f5-b153018c6e8f</msg>
<msg time="2025-08-29T15:28:24.748231" level="INFO">Successfully closed Context</msg>
<tag>TestCase2</tag>
<status status="PASS" start="2025-08-29T15:28:11.599964" elapsed="13.073257"/>
</test>
<status status="PASS" start="2025-08-29T15:28:11.471086" elapsed="13.277941"/>
</suite>
<statistics>
<total>
<stat pass="1" fail="0" skip="0">All Tests</stat>
</total>
<tag>
<stat pass="1" fail="0" skip="0">TestCase2</stat>
</tag>
<suite>
<stat name="Assignment" id="s1" pass="1" fail="0" skip="0">Assignment</stat>
</suite>
</statistics>
<errors>
</errors>
</robot>
